[2023-07-01 22:52:42.165][开发][172774][MYSQL][]
SHOW VARIABLES LIKE 'lower_case_%'

[2023-07-01 22:52:42.227][开发][172774][MYSQL][]
SHOW DATABASES

[2023-07-01 22:52:43.462][开发][172774][MYSQL][]
SELECT COUNT(*) FROM information_schema.TABLES WHERE TABLE_SCHEMA = 'ry-vue-guoxin' UNION SELECT COUNT(*) FROM information_schema.COLUMNS WHERE TABLE_SCHEMA = 'ry-vue-guoxin' UNION SELECT COUNT(*) FROM information_schema.ROUTINES WHERE ROUTINE_SCHEMA = 'ry-vue-guoxin'

[2023-07-01 22:52:43.529][开发][172774][MYSQL][]
SELECT TABLE_SCHEMA, TABLE_NAME, TABLE_TYPE FROM information_schema.TABLES WHERE TABLE_SCHEMA = 'ry-vue-guoxin' ORDER BY TABLE_SCHEMA, TABLE_TYPE

[2023-07-01 22:52:43.588][开发][172774][MYSQL][]
SELECT TABLE_SCHEMA, TABLE_NAME, COLUMN_NAME, COLUMN_TYPE FROM information_schema.COLUMNS WHERE TABLE_SCHEMA = 'ry-vue-guoxin' ORDER BY TABLE_SCHEMA, TABLE_NAME

[2023-07-01 22:52:43.745][开发][172775][MYSQL][]
SHOW TABLE STATUS

[2023-07-01 22:52:43.772][开发][172774][MYSQL][]
SELECT DISTINCT ROUTINE_SCHEMA, ROUTINE_NAME, PARAMS.PARAMETER FROM information_schema.ROUTINES LEFT JOIN ( SELECT SPECIFIC_SCHEMA, SPECIFIC_NAME, GROUP_CONCAT(CONCAT(DATA_TYPE, ' ', PARAMETER_NAME) ORDER BY ORDINAL_POSITION SEPARATOR ', ') PARAMETER, ROUTINE_TYPE FROM information_schema.PARAMETERS GROUP BY SPECIFIC_SCHEMA, SPECIFIC_NAME, ROUTINE_TYPE ) PARAMS ON ROUTINES.ROUTINE_SCHEMA = PARAMS.SPECIFIC_SCHEMA AND ROUTINES.ROUTINE_NAME = PARAMS.SPECIFIC_NAME AND ROUTINES.ROUTINE_TYPE = PARAMS.ROUTINE_TYPE WHERE ROUTINE_SCHEMA = 'ry-vue-guoxin' ORDER BY ROUTINE_SCHEMA

[2023-07-01 22:54:08.742][开发][172774][MYSQL][]
SELECT * FROM `ry-vue-guoxin`.`sys_config` LIMIT 0, 1000

[2023-07-01 22:54:08.855][开发][172775][MYSQL][]
SHOW COLUMNS FROM `ry-vue-guoxin`.`sys_config`

[2023-07-01 22:54:08.913][开发][172774][MYSQL][]
SHOW TABLE STATUS LIKE 'sys_config'

[2023-07-01 22:54:08.973][开发][172774][MYSQL][]
SHOW CREATE TABLE `ry-vue-guoxin`.`sys_config`

[2023-07-01 23:17:59.385][开发][172774][MYSQL][]
SELECT EVENT_CATALOG, EVENT_SCHEMA, EVENT_NAME, DEFINER, TIME_ZONE, EVENT_DEFINITION, EVENT_BODY, EVENT_TYPE, SQL_MODE, STATUS, EXECUTE_AT, INTERVAL_VALUE, INTERVAL_FIELD, STARTS, ENDS, ON_COMPLETION, CREATED, LAST_ALTERED, LAST_EXECUTED, ORIGINATOR, CHARACTER_SET_CLIENT, COLLATION_CONNECTION, DATABASE_COLLATION, EVENT_COMMENT FROM information_schema.EVENTS WHERE EVENT_SCHEMA = 'ry-vue-guoxin' ORDER BY EVENT_NAME ASC

